c:\users\nacho\documents\netspot\stripeserver\arcadeapp\arcadeapp\x64\debug\vc143.pdb
c:\users\nacho\documents\netspot\stripeserver\arcadeapp\arcadeapp\x64\debug\vc143.idb
c:\users\nacho\documents\netspot\stripeserver\arcadeapp\arcadeapp\x64\debug\screen.obj
c:\users\nacho\documents\netspot\stripeserver\arcadeapp\arcadeapp\x64\debug\screenbuffer.obj
c:\users\nacho\documents\netspot\stripeserver\arcadeapp\arcadeapp\x64\debug\main.obj
c:\users\nacho\documents\netspot\stripeserver\arcadeapp\arcadeapp\x64\debug\color.obj
c:\users\nacho\documents\netspot\stripeserver\arcadeapp\arcadeapp\x64\debug\vec2d.obj
c:\users\nacho\documents\netspot\stripeserver\arcadeapp\arcadeapp\x64\debug\utils.obj
c:\users\nacho\documents\netspot\stripeserver\arcadeapp\arcadeapp\x64\debug\line2d.obj
c:\users\nacho\documents\netspot\stripeserver\arcadeapp\arcadeapp\x64\debug\triangle.obj
c:\users\nacho\documents\netspot\stripeserver\arcadeapp\arcadeapp\x64\debug\shape.obj
c:\users\nacho\documents\netspot\stripeserver\arcadeapp\arcadeapp\x64\debug\aarectangle.obj
c:\users\nacho\documents\netspot\stripeserver\arcadeapp\arcadeapp\x64\debug\arcadeapp.ilk
c:\users\nacho\documents\netspot\stripeserver\arcadeapp\x64\debug\arcadeapp.exe
c:\users\nacho\documents\netspot\stripeserver\arcadeapp\x64\debug\arcadeapp.pdb
c:\users\nacho\documents\netspot\stripeserver\arcadeapp\arcadeapp\x64\debug\arcadeapp.tlog\cl.command.1.tlog
c:\users\nacho\documents\netspot\stripeserver\arcadeapp\arcadeapp\x64\debug\arcadeapp.tlog\cl.items.tlog
c:\users\nacho\documents\netspot\stripeserver\arcadeapp\arcadeapp\x64\debug\arcadeapp.tlog\cl.read.1.tlog
c:\users\nacho\documents\netspot\stripeserver\arcadeapp\arcadeapp\x64\debug\arcadeapp.tlog\cl.write.1.tlog
c:\users\nacho\documents\netspot\stripeserver\arcadeapp\arcadeapp\x64\debug\arcadeapp.tlog\link.command.1.tlog
c:\users\nacho\documents\netspot\stripeserver\arcadeapp\arcadeapp\x64\debug\arcadeapp.tlog\link.read.1.tlog
c:\users\nacho\documents\netspot\stripeserver\arcadeapp\arcadeapp\x64\debug\arcadeapp.tlog\link.write.1.tlog
