c:\users\nacho\documents\github\sdlarcade\arcadeapp\x64\debug\vc143.pdb
c:\users\nacho\documents\github\sdlarcade\arcadeapp\x64\debug\vc143.idb
c:\users\nacho\documents\github\sdlarcade\arcadeapp\x64\debug\vec2d.obj
c:\users\nacho\documents\github\sdlarcade\arcadeapp\x64\debug\utils.obj
c:\users\nacho\documents\github\sdlarcade\arcadeapp\x64\debug\triangle.obj
c:\users\nacho\documents\github\sdlarcade\arcadeapp\x64\debug\screenbuffer.obj
c:\users\nacho\documents\github\sdlarcade\arcadeapp\x64\debug\main.obj
c:\users\nacho\documents\github\sdlarcade\arcadeapp\x64\debug\line2d.obj
c:\users\nacho\documents\github\sdlarcade\arcadeapp\x64\debug\shape.obj
c:\users\nacho\documents\github\sdlarcade\arcadeapp\x64\debug\color.obj
c:\users\nacho\documents\github\sdlarcade\arcadeapp\x64\debug\aarectangle.obj
c:\users\nacho\documents\github\sdlarcade\arcadeapp\x64\debug\circle.obj
c:\users\nacho\documents\github\sdlarcade\arcadeapp\x64\debug\app.obj
c:\users\nacho\documents\github\sdlarcade\arcadeapp\x64\debug\screen.obj
c:\users\nacho\documents\github\sdlarcade\arcadeapp\x64\debug\arcadescene.obj
c:\users\nacho\documents\github\sdlarcade\arcadeapp\x64\debug\gamecontroller.obj
c:\users\nacho\documents\github\sdlarcade\arcadeapp\x64\debug\inputcontroller.obj
c:\users\nacho\documents\github\sdlarcade\arcadeapp\x64\debug\filecommandloader.obj
c:\users\nacho\documents\github\sdlarcade\arcadeapp\x64\debug\gamescene.obj
c:\users\nacho\documents\github\sdlarcade\arcadeapp\x64\debug\excluder.obj
c:\users\nacho\documents\github\sdlarcade\arcadeapp\x64\debug\paddle.obj
c:\users\nacho\documents\github\sdlarcade\arcadeapp\x64\debug\breakout.obj
c:\users\nacho\documents\github\sdlarcade\arcadeapp\x64\debug\ball.obj
c:\users\nacho\documents\github\sdlarcade\arcadeapp\x64\debug\levelboundary.obj
c:\users\nacho\documents\github\sdlarcade\arcadeapp\x64\debug\breakoutgamelevel.obj
c:\users\nacho\documents\github\sdlarcade\arcadeapp\x64\debug\playfield.obj
c:\users\nacho\documents\github\sdlarcade\arcadeapp\x64\debug\block.obj
c:\users\nacho\documents\github\sdlarcade\arcadeapp\x64\debug\tetris.obj
c:\users\nacho\documents\github\sdlarcade\arcadeapp\x64\debug\nextblockpanel.obj
c:\users\nacho\documents\github\sdlarcade\arcadeapp\x64\debug\otetromino.obj
c:\users\nacho\documents\github\sdlarcade\arcadeapp\x64\debug\tetrominocontroller.obj
c:\users\nacho\documents\github\sdlarcade\arcadeapp\x64\debug\itetromino.obj
c:\users\nacho\documents\github\sdlarcade\arcadeapp\x64\debug\ghostedblock.obj
c:\users\nacho\documents\github\sdlarcade\arcadeapp\x64\debug\ttetromino.obj
c:\users\nacho\documents\github\sdlarcade\arcadeapp\x64\debug\stetromino.obj
c:\users\nacho\documents\github\sdlarcade\arcadeapp\x64\debug\ltetromino.obj
c:\users\nacho\documents\github\sdlarcade\arcadeapp\x64\debug\jtetromino.obj
c:\users\nacho\documents\github\sdlarcade\arcadeapp\x64\debug\ztetromino.obj
c:\users\nacho\documents\github\sdlarcade\arcadeapp\x64\debug\bmpimage.obj
c:\users\nacho\documents\github\sdlarcade\arcadeapp\x64\debug\spritesheet.obj
c:\users\nacho\documents\github\sdlarcade\arcadeapp\x64\debug\bitmapfont.obj
c:\users\nacho\documents\github\sdlarcade\arcadeapp\x64\debug\button.obj
c:\users\nacho\documents\github\sdlarcade\arcadeapp\x64\debug\notimplementedscene.obj
c:\users\nacho\documents\github\sdlarcade\arcadeapp\x64\debug\buttonoptionsscene.obj
c:\users\nacho\documents\github\sdlarcade\arcadeapp\x64\debug\tetrisscore.obj
c:\users\nacho\documents\github\sdlarcade\x64\debug\arcadeapp.exe
c:\users\nacho\documents\github\sdlarcade\arcadeapp\x64\debug\arcadeapp.ilk
c:\users\nacho\documents\github\sdlarcade\x64\debug\arcadeapp.pdb
c:\users\nacho\documents\github\sdlarcade\arcadeapp\x64\debug\tetromino.obj
c:\users\nacho\documents\github\sdlarcade\arcadeapp\x64\debug\arcadeapp.tlog\cl.command.1.tlog
c:\users\nacho\documents\github\sdlarcade\arcadeapp\x64\debug\arcadeapp.tlog\cl.items.tlog
c:\users\nacho\documents\github\sdlarcade\arcadeapp\x64\debug\arcadeapp.tlog\cl.read.1.tlog
c:\users\nacho\documents\github\sdlarcade\arcadeapp\x64\debug\arcadeapp.tlog\cl.write.1.tlog
c:\users\nacho\documents\github\sdlarcade\arcadeapp\x64\debug\arcadeapp.tlog\link.command.1.tlog
c:\users\nacho\documents\github\sdlarcade\arcadeapp\x64\debug\arcadeapp.tlog\link.read.1.tlog
c:\users\nacho\documents\github\sdlarcade\arcadeapp\x64\debug\arcadeapp.tlog\link.write.1.tlog
